<?xml version="1.0" encoding="UTF-8"?>
<!-- Generated by org.testng.reporters.JUnitXMLReporter -->
<testsuite ignored="8" hostname="IjasBincy" failures="1" tests="1" name="Test" time="19.037" errors="0" timestamp="2024-07-08T12:24:43 IST">
  <testcase classname="TestCases.QaLegend_TestCases" name="addmemberdetails" time="8.062">
    <failure type="org.openqa.selenium.ElementClickInterceptedException" message="element click intercepted: Element &amp;lt;a href=&amp;quot;#&amp;quot; class=&amp;quot;btn btn-default&amp;quot; title=&amp;quot;Add member&amp;quot; data-act=&amp;quot;ajax-modal&amp;quot; data-title=&amp;quot;Add member&amp;quot; data-action-url=&amp;quot;https://qalegend.com/crm/index.php/team_members/modal_form&amp;quot;&amp;gt;...&amp;lt;/a&amp;gt; is not clickable at point (1432, 96). Other element would receive the click: &amp;lt;div class=&amp;quot;modal in&amp;quot; id=&amp;quot;ajaxModal&amp;quot; tabindex=&amp;quot;-1&amp;quot; role=&amp;quot;dialog&amp;quot; aria-labelledby=&amp;quot;ajaxModal&amp;quot; aria-hidden=&amp;quot;true&amp;quot; style=&amp;quot;display: block;&amp;quot;&amp;gt;...&amp;lt;/div&amp;gt;
  (Session info: chrome=126.0.6478.127)
Build info: version: &amp;apos;4.20.0&amp;apos;, revision: &amp;apos;866c76ca80&amp;apos;
System info: os.name: &amp;apos;Windows 10&amp;apos;, os.arch: &amp;apos;amd64&amp;apos;, os.version: &amp;apos;10.0&amp;apos;, java.version: &amp;apos;17.0.1&amp;apos;
Driver info: org.openqa.selenium.chrome.ChromeDriver
Command: [4ae198b8955c5102ef6d71fe4960b2ea, clickElement {id=f.FF4AAF7B0D79A0C917A51EE26AC0983D.d.EE7F0E5767D24822D6D149131AE5032E.e.72}]
Capabilities {acceptInsecureCerts: false, browserName: chrome, browserVersion: 126.0.6478.127, chrome: {chromedriverVersion: 126.0.6478.126 (d36ace6122e..., userDataDir: C:\Users\bincy\AppData\Loca...}, fedcm:accounts: true, goog:chromeOptions: {debuggerAddress: localhost:63503}, networkConnectionEnabled: false, pageLoadStrategy: normal, platformName: windows, proxy: Proxy(), se:cdp: ws://localhost:63503/devtoo..., se:cdpVersion: 126.0.6478.127, setWindowRect: true, strictFileInteractability: false, timeouts: {implicit: 0, pageLoad: 300000, script: 30000}, unhandledPromptBehavior: dismiss and notify, webauthn:extension:credBlob: true, webauthn:extension:largeBlob: true, webauthn:extension:minPinLength: true, webauthn:extension:prf: true, webauthn:virtualAuthenticators: true}
Element: [[ChromeDriver: chrome on windows (4ae198b8955c5102ef6d71fe4960b2ea)] -&amp;gt; xpath: //a[text()=&amp;apos; Add member&amp;apos;]]
Session ID: 4ae198b8955c5102ef6d71fe4960b2ea">
      <![CDATA[org.openqa.selenium.ElementClickInterceptedException: element click intercepted: Element <a href="#" class="btn btn-default" title="Add member" data-act="ajax-modal" data-title="Add member" data-action-url="https://qalegend.com/crm/index.php/team_members/modal_form">...</a> is not clickable at point (1432, 96). Other element would receive the click: <div class="modal in" id="ajaxModal" tabindex="-1" role="dialog" aria-labelledby="ajaxModal" aria-hidden="true" style="display: block;">...</div>
  (Session info: chrome=126.0.6478.127)
Build info: version: '4.20.0', revision: '866c76ca80'
System info: os.name: 'Windows 10', os.arch: 'amd64', os.version: '10.0', java.version: '17.0.1'
Driver info: org.openqa.selenium.chrome.ChromeDriver
Command: [4ae198b8955c5102ef6d71fe4960b2ea, clickElement {id=f.FF4AAF7B0D79A0C917A51EE26AC0983D.d.EE7F0E5767D24822D6D149131AE5032E.e.72}]
Capabilities {acceptInsecureCerts: false, browserName: chrome, browserVersion: 126.0.6478.127, chrome: {chromedriverVersion: 126.0.6478.126 (d36ace6122e..., userDataDir: C:\Users\bincy\AppData\Loca...}, fedcm:accounts: true, goog:chromeOptions: {debuggerAddress: localhost:63503}, networkConnectionEnabled: false, pageLoadStrategy: normal, platformName: windows, proxy: Proxy(), se:cdp: ws://localhost:63503/devtoo..., se:cdpVersion: 126.0.6478.127, setWindowRect: true, strictFileInteractability: false, timeouts: {implicit: 0, pageLoad: 300000, script: 30000}, unhandledPromptBehavior: dismiss and notify, webauthn:extension:credBlob: true, webauthn:extension:largeBlob: true, webauthn:extension:minPinLength: true, webauthn:extension:prf: true, webauthn:virtualAuthenticators: true}
Element: [[ChromeDriver: chrome on windows (4ae198b8955c5102ef6d71fe4960b2ea)] -> xpath: //a[text()=' Add member']]
Session ID: 4ae198b8955c5102ef6d71fe4960b2ea
at org.openqa.selenium.remote.ErrorCodec.decode(ErrorCodec.java:167)
at org.openqa.selenium.remote.codec.w3c.W3CHttpResponseCodec.decode(W3CHttpResponseCodec.java:138)
at org.openqa.selenium.remote.codec.w3c.W3CHttpResponseCodec.decode(W3CHttpResponseCodec.java:50)
at org.openqa.selenium.remote.HttpCommandExecutor.execute(HttpCommandExecutor.java:190)
at org.openqa.selenium.remote.service.DriverCommandExecutor.invokeExecute(DriverCommandExecutor.java:216)
at org.openqa.selenium.remote.service.DriverCommandExecutor.execute(DriverCommandExecutor.java:174)
at org.openqa.selenium.remote.RemoteWebDriver.execute(RemoteWebDriver.java:518)
at org.openqa.selenium.remote.RemoteWebElement.execute(RemoteWebElement.java:223)
at org.openqa.selenium.remote.RemoteWebElement.click(RemoteWebElement.java:76)
at org.openqa.selenium.support.pagefactory.internal.LocatingElementHandler.invoke(LocatingElementHandler.java:51)
at jdk.proxy2/jdk.proxy2.$Proxy11.click(Unknown Source)
at Utilities.PageUtilities.clickOnElement(PageUtilities.java:12)
at PageClasses.QaLegendAddMemberPage.addmember(QaLegendAddMemberPage.java:50)
at TestCases.QaLegend_TestCases.addmemberdetails(QaLegend_TestCases.java:120)
at java.base/java.util.ArrayList.forEach(ArrayList.java:1511)
... Removed 36 stack frames]]>
    </failure>
  </testcase> <!-- addmemberdetails -->
  <testcase classname="TestCases.QaLegend_TestCases" name="composeMessage" time="0.0">
    <ignored/>
  </testcase> <!-- composeMessage -->
  <testcase classname="TestCases.QaLegend_TestCases" name="addEvents" time="0.0">
    <ignored/>
  </testcase> <!-- addEvents -->
  <testcase classname="TestCases.QaLegend_TestCases" name="addClients" time="0.0">
    <ignored/>
  </testcase> <!-- addClients -->
  <testcase classname="TestCases.QaLegend_TestCases" name="addpayments" time="0.0">
    <ignored/>
  </testcase> <!-- addpayments -->
  <testcase classname="TestCases.QaLegend_TestCases" name="additems" time="0.0">
    <ignored/>
  </testcase> <!-- additems -->
  <testcase classname="TestCases.QaLegend_TestCases" name="forgotpasswordlink" time="0.0">
    <ignored/>
  </testcase> <!-- forgotpasswordlink -->
  <testcase classname="TestCases.QaLegend_TestCases" name="addEditNotes" time="0.0">
    <ignored/>
  </testcase> <!-- addEditNotes -->
  <testcase classname="TestCases.QaLegend_TestCases" name="addannouncement" time="0.0">
    <ignored/>
  </testcase> <!-- addannouncement -->
</testsuite> <!-- Test -->
